C:\Program Files (x86)\MSBuild\Microsoft.Cpp\v4.0\V140\Microsoft.CppBuild.targets(392,5): warning MSB8028: The intermediate directory (obj\Release\) contains files shared from another project (barum.vcxproj).  This can lead to incorrect clean and rebuild behavior.
  ofxBaseGui.cpp
  ofxButton.cpp
  ofxGuiGroup.cpp
  ofxLabel.cpp
C:\Users\Jihee Hwang\Documents\of_v0.9.0_vs_release\libs\openFrameworks\math\ofMatrix4x4.h(320): warning C4267: 'argument': conversion from 'size_t' to 'int', possible loss of data (compiling source file ..\..\..\addons\ofxGui\src\ofxBaseGui.cpp)
C:\Users\Jihee Hwang\Documents\of_v0.9.0_vs_release\libs\openFrameworks\math\ofMatrix4x4.h(325): warning C4267: 'argument': conversion from 'size_t' to 'int', possible loss of data (compiling source file ..\..\..\addons\ofxGui\src\ofxBaseGui.cpp)
C:\Users\Jihee Hwang\Documents\of_v0.9.0_vs_release\libs\openFrameworks\math\ofMatrix4x4.h(969): warning C4267: 'argument': conversion from 'size_t' to 'int', possible loss of data (compiling source file ..\..\..\addons\ofxGui\src\ofxBaseGui.cpp)
C:\Users\Jihee Hwang\Documents\of_v0.9.0_vs_release\libs\openFrameworks\math\ofMatrix4x4.h(970): warning C4267: 'argument': conversion from 'size_t' to 'int', possible loss of data (compiling source file ..\..\..\addons\ofxGui\src\ofxBaseGui.cpp)
C:\Users\Jihee Hwang\Documents\of_v0.9.0_vs_release\libs\openFrameworks\math\ofMatrix4x4.h(971): warning C4267: 'argument': conversion from 'size_t' to 'int', possible loss of data (compiling source file ..\..\..\addons\ofxGui\src\ofxBaseGui.cpp)
C:\Users\Jihee Hwang\Documents\of_v0.9.0_vs_release\libs\openFrameworks\math\ofMatrix4x4.h(972): warning C4267: 'argument': conversion from 'size_t' to 'int', possible loss of data (compiling source file ..\..\..\addons\ofxGui\src\ofxBaseGui.cpp)
C:\Users\Jihee Hwang\Documents\of_v0.9.0_vs_release\libs\openFrameworks\math\ofMatrix4x4.h(320): warning C4267: 'argument': conversion from 'size_t' to 'int', possible loss of data (compiling source file ..\..\..\addons\ofxGui\src\ofxLabel.cpp)
C:\Users\Jihee Hwang\Documents\of_v0.9.0_vs_release\libs\openFrameworks\math\ofMatrix4x4.h(325): warning C4267: 'argument': conversion from 'size_t' to 'int', possible loss of data (compiling source file ..\..\..\addons\ofxGui\src\ofxLabel.cpp)
C:\Users\Jihee Hwang\Documents\of_v0.9.0_vs_release\libs\openFrameworks\math\ofMatrix4x4.h(969): warning C4267: 'argument': conversion from 'size_t' to 'int', possible loss of data (compiling source file ..\..\..\addons\ofxGui\src\ofxLabel.cpp)
C:\Users\Jihee Hwang\Documents\of_v0.9.0_vs_release\libs\openFrameworks\math\ofMatrix4x4.h(970): warning C4267: 'argument': conversion from 'size_t' to 'int', possible loss of data (compiling source file ..\..\..\addons\ofxGui\src\ofxLabel.cpp)
C:\Users\Jihee Hwang\Documents\of_v0.9.0_vs_release\libs\openFrameworks\math\ofMatrix4x4.h(971): warning C4267: 'argument': conversion from 'size_t' to 'int', possible loss of data (compiling source file ..\..\..\addons\ofxGui\src\ofxLabel.cpp)
C:\Users\Jihee Hwang\Documents\of_v0.9.0_vs_release\libs\openFrameworks\math\ofMatrix4x4.h(972): warning C4267: 'argument': conversion from 'size_t' to 'int', possible loss of data (compiling source file ..\..\..\addons\ofxGui\src\ofxLabel.cpp)
C:\Users\Jihee Hwang\Documents\of_v0.9.0_vs_release\libs\openFrameworks\math\ofMatrix4x4.h(320): warning C4267: 'argument': conversion from 'size_t' to 'int', possible loss of data (compiling source file ..\..\..\addons\ofxGui\src\ofxGuiGroup.cpp)
C:\Users\Jihee Hwang\Documents\of_v0.9.0_vs_release\libs\openFrameworks\math\ofMatrix4x4.h(325): warning C4267: 'argument': conversion from 'size_t' to 'int', possible loss of data (compiling source file ..\..\..\addons\ofxGui\src\ofxGuiGroup.cpp)
C:\Users\Jihee Hwang\Documents\of_v0.9.0_vs_release\libs\openFrameworks\math\ofMatrix4x4.h(969): warning C4267: 'argument': conversion from 'size_t' to 'int', possible loss of data (compiling source file ..\..\..\addons\ofxGui\src\ofxGuiGroup.cpp)
C:\Users\Jihee Hwang\Documents\of_v0.9.0_vs_release\libs\openFrameworks\math\ofMatrix4x4.h(970): warning C4267: 'argument': conversion from 'size_t' to 'int', possible loss of data (compiling source file ..\..\..\addons\ofxGui\src\ofxGuiGroup.cpp)
C:\Users\Jihee Hwang\Documents\of_v0.9.0_vs_release\libs\openFrameworks\math\ofMatrix4x4.h(971): warning C4267: 'argument': conversion from 'size_t' to 'int', possible loss of data (compiling source file ..\..\..\addons\ofxGui\src\ofxGuiGroup.cpp)
C:\Users\Jihee Hwang\Documents\of_v0.9.0_vs_release\libs\openFrameworks\math\ofMatrix4x4.h(972): warning C4267: 'argument': conversion from 'size_t' to 'int', possible loss of data (compiling source file ..\..\..\addons\ofxGui\src\ofxGuiGroup.cpp)
C:\Users\Jihee Hwang\Documents\of_v0.9.0_vs_release\libs\openFrameworks\math\ofMatrix4x4.h(320): warning C4267: 'argument': conversion from 'size_t' to 'int', possible loss of data (compiling source file ..\..\..\addons\ofxGui\src\ofxButton.cpp)
C:\Users\Jihee Hwang\Documents\of_v0.9.0_vs_release\libs\openFrameworks\math\ofMatrix4x4.h(325): warning C4267: 'argument': conversion from 'size_t' to 'int', possible loss of data (compiling source file ..\..\..\addons\ofxGui\src\ofxButton.cpp)
C:\Users\Jihee Hwang\Documents\of_v0.9.0_vs_release\libs\openFrameworks\math\ofMatrix4x4.h(969): warning C4267: 'argument': conversion from 'size_t' to 'int', possible loss of data (compiling source file ..\..\..\addons\ofxGui\src\ofxButton.cpp)
C:\Users\Jihee Hwang\Documents\of_v0.9.0_vs_release\libs\openFrameworks\math\ofMatrix4x4.h(970): warning C4267: 'argument': conversion from 'size_t' to 'int', possible loss of data (compiling source file ..\..\..\addons\ofxGui\src\ofxButton.cpp)
C:\Users\Jihee Hwang\Documents\of_v0.9.0_vs_release\libs\openFrameworks\math\ofMatrix4x4.h(971): warning C4267: 'argument': conversion from 'size_t' to 'int', possible loss of data (compiling source file ..\..\..\addons\ofxGui\src\ofxButton.cpp)
C:\Users\Jihee Hwang\Documents\of_v0.9.0_vs_release\libs\openFrameworks\math\ofMatrix4x4.h(972): warning C4267: 'argument': conversion from 'size_t' to 'int', possible loss of data (compiling source file ..\..\..\addons\ofxGui\src\ofxButton.cpp)
  ofxPanel.cpp
  ofxSlider.cpp
  ofxSliderGroup.cpp
C:\Users\Jihee Hwang\Documents\of_v0.9.0_vs_release\libs\openFrameworks\math\ofMatrix4x4.h(320): warning C4267: 'argument': conversion from 'size_t' to 'int', possible loss of data (compiling source file ..\..\..\addons\ofxGui\src\ofxSlider.cpp)
C:\Users\Jihee Hwang\Documents\of_v0.9.0_vs_release\libs\openFrameworks\math\ofMatrix4x4.h(325): warning C4267: 'argument': conversion from 'size_t' to 'int', possible loss of data (compiling source file ..\..\..\addons\ofxGui\src\ofxSlider.cpp)
C:\Users\Jihee Hwang\Documents\of_v0.9.0_vs_release\libs\openFrameworks\math\ofMatrix4x4.h(969): warning C4267: 'argument': conversion from 'size_t' to 'int', possible loss of data (compiling source file ..\..\..\addons\ofxGui\src\ofxSlider.cpp)
C:\Users\Jihee Hwang\Documents\of_v0.9.0_vs_release\libs\openFrameworks\math\ofMatrix4x4.h(970): warning C4267: 'argument': conversion from 'size_t' to 'int', possible loss of data (compiling source file ..\..\..\addons\ofxGui\src\ofxSlider.cpp)
C:\Users\Jihee Hwang\Documents\of_v0.9.0_vs_release\libs\openFrameworks\math\ofMatrix4x4.h(971): warning C4267: 'argument': conversion from 'size_t' to 'int', possible loss of data (compiling source file ..\..\..\addons\ofxGui\src\ofxSlider.cpp)
C:\Users\Jihee Hwang\Documents\of_v0.9.0_vs_release\libs\openFrameworks\math\ofMatrix4x4.h(972): warning C4267: 'argument': conversion from 'size_t' to 'int', possible loss of data (compiling source file ..\..\..\addons\ofxGui\src\ofxSlider.cpp)
C:\Users\Jihee Hwang\Documents\of_v0.9.0_vs_release\libs\openFrameworks\math\ofMatrix4x4.h(320): warning C4267: 'argument': conversion from 'size_t' to 'int', possible loss of data (compiling source file ..\..\..\addons\ofxGui\src\ofxPanel.cpp)
C:\Users\Jihee Hwang\Documents\of_v0.9.0_vs_release\libs\openFrameworks\math\ofMatrix4x4.h(325): warning C4267: 'argument': conversion from 'size_t' to 'int', possible loss of data (compiling source file ..\..\..\addons\ofxGui\src\ofxPanel.cpp)
C:\Users\Jihee Hwang\Documents\of_v0.9.0_vs_release\libs\openFrameworks\math\ofMatrix4x4.h(969): warning C4267: 'argument': conversion from 'size_t' to 'int', possible loss of data (compiling source file ..\..\..\addons\ofxGui\src\ofxPanel.cpp)
C:\Users\Jihee Hwang\Documents\of_v0.9.0_vs_release\libs\openFrameworks\math\ofMatrix4x4.h(970): warning C4267: 'argument': conversion from 'size_t' to 'int', possible loss of data (compiling source file ..\..\..\addons\ofxGui\src\ofxPanel.cpp)
C:\Users\Jihee Hwang\Documents\of_v0.9.0_vs_release\libs\openFrameworks\math\ofMatrix4x4.h(971): warning C4267: 'argument': conversion from 'size_t' to 'int', possible loss of data (compiling source file ..\..\..\addons\ofxGui\src\ofxPanel.cpp)
C:\Users\Jihee Hwang\Documents\of_v0.9.0_vs_release\libs\openFrameworks\math\ofMatrix4x4.h(972): warning C4267: 'argument': conversion from 'size_t' to 'int', possible loss of data (compiling source file ..\..\..\addons\ofxGui\src\ofxPanel.cpp)
C:\Users\Jihee Hwang\Documents\of_v0.9.0_vs_release\libs\openFrameworks\math\ofMatrix4x4.h(320): warning C4267: 'argument': conversion from 'size_t' to 'int', possible loss of data (compiling source file ..\..\..\addons\ofxGui\src\ofxSliderGroup.cpp)
C:\Users\Jihee Hwang\Documents\of_v0.9.0_vs_release\libs\openFrameworks\math\ofMatrix4x4.h(325): warning C4267: 'argument': conversion from 'size_t' to 'int', possible loss of data (compiling source file ..\..\..\addons\ofxGui\src\ofxSliderGroup.cpp)
C:\Users\Jihee Hwang\Documents\of_v0.9.0_vs_release\libs\openFrameworks\math\ofMatrix4x4.h(969): warning C4267: 'argument': conversion from 'size_t' to 'int', possible loss of data (compiling source file ..\..\..\addons\ofxGui\src\ofxSliderGroup.cpp)
C:\Users\Jihee Hwang\Documents\of_v0.9.0_vs_release\libs\openFrameworks\math\ofMatrix4x4.h(970): warning C4267: 'argument': conversion from 'size_t' to 'int', possible loss of data (compiling source file ..\..\..\addons\ofxGui\src\ofxSliderGroup.cpp)
C:\Users\Jihee Hwang\Documents\of_v0.9.0_vs_release\libs\openFrameworks\math\ofMatrix4x4.h(971): warning C4267: 'argument': conversion from 'size_t' to 'int', possible loss of data (compiling source file ..\..\..\addons\ofxGui\src\ofxSliderGroup.cpp)
C:\Users\Jihee Hwang\Documents\of_v0.9.0_vs_release\libs\openFrameworks\math\ofMatrix4x4.h(972): warning C4267: 'argument': conversion from 'size_t' to 'int', possible loss of data (compiling source file ..\..\..\addons\ofxGui\src\ofxSliderGroup.cpp)
  ofxToggle.cpp
  main.cpp
C:\Users\Jihee Hwang\Documents\of_v0.9.0_vs_release\libs\openFrameworks\math\ofMatrix4x4.h(320): warning C4267: 'argument': conversion from 'size_t' to 'int', possible loss of data (compiling source file ..\..\..\addons\ofxGui\src\ofxToggle.cpp)
C:\Users\Jihee Hwang\Documents\of_v0.9.0_vs_release\libs\openFrameworks\math\ofMatrix4x4.h(325): warning C4267: 'argument': conversion from 'size_t' to 'int', possible loss of data (compiling source file ..\..\..\addons\ofxGui\src\ofxToggle.cpp)
C:\Users\Jihee Hwang\Documents\of_v0.9.0_vs_release\libs\openFrameworks\math\ofMatrix4x4.h(969): warning C4267: 'argument': conversion from 'size_t' to 'int', possible loss of data (compiling source file ..\..\..\addons\ofxGui\src\ofxToggle.cpp)
C:\Users\Jihee Hwang\Documents\of_v0.9.0_vs_release\libs\openFrameworks\math\ofMatrix4x4.h(970): warning C4267: 'argument': conversion from 'size_t' to 'int', possible loss of data (compiling source file ..\..\..\addons\ofxGui\src\ofxToggle.cpp)
C:\Users\Jihee Hwang\Documents\of_v0.9.0_vs_release\libs\openFrameworks\math\ofMatrix4x4.h(971): warning C4267: 'argument': conversion from 'size_t' to 'int', possible loss of data (compiling source file ..\..\..\addons\ofxGui\src\ofxToggle.cpp)
C:\Users\Jihee Hwang\Documents\of_v0.9.0_vs_release\libs\openFrameworks\math\ofMatrix4x4.h(972): warning C4267: 'argument': conversion from 'size_t' to 'int', possible loss of data (compiling source file ..\..\..\addons\ofxGui\src\ofxToggle.cpp)
C:\Users\Jihee Hwang\Documents\of_v0.9.0_vs_release\libs\openFrameworks\math\ofMatrix4x4.h(320): warning C4267: 'argument': conversion from 'size_t' to 'int', possible loss of data (compiling source file src\main.cpp)
C:\Users\Jihee Hwang\Documents\of_v0.9.0_vs_release\libs\openFrameworks\math\ofMatrix4x4.h(325): warning C4267: 'argument': conversion from 'size_t' to 'int', possible loss of data (compiling source file src\main.cpp)
C:\Users\Jihee Hwang\Documents\of_v0.9.0_vs_release\libs\openFrameworks\math\ofMatrix4x4.h(969): warning C4267: 'argument': conversion from 'size_t' to 'int', possible loss of data (compiling source file src\main.cpp)
C:\Users\Jihee Hwang\Documents\of_v0.9.0_vs_release\libs\openFrameworks\math\ofMatrix4x4.h(970): warning C4267: 'argument': conversion from 'size_t' to 'int', possible loss of data (compiling source file src\main.cpp)
C:\Users\Jihee Hwang\Documents\of_v0.9.0_vs_release\libs\openFrameworks\math\ofMatrix4x4.h(971): warning C4267: 'argument': conversion from 'size_t' to 'int', possible loss of data (compiling source file src\main.cpp)
C:\Users\Jihee Hwang\Documents\of_v0.9.0_vs_release\libs\openFrameworks\math\ofMatrix4x4.h(972): warning C4267: 'argument': conversion from 'size_t' to 'int', possible loss of data (compiling source file src\main.cpp)
  ofApp.cpp
C:\Users\Jihee Hwang\Documents\of_v0.9.0_vs_release\libs\openFrameworks\math\ofMatrix4x4.h(320): warning C4267: 'argument': conversion from 'size_t' to 'int', possible loss of data (compiling source file src\ofApp.cpp)
C:\Users\Jihee Hwang\Documents\of_v0.9.0_vs_release\libs\openFrameworks\math\ofMatrix4x4.h(325): warning C4267: 'argument': conversion from 'size_t' to 'int', possible loss of data (compiling source file src\ofApp.cpp)
C:\Users\Jihee Hwang\Documents\of_v0.9.0_vs_release\libs\openFrameworks\math\ofMatrix4x4.h(969): warning C4267: 'argument': conversion from 'size_t' to 'int', possible loss of data (compiling source file src\ofApp.cpp)
C:\Users\Jihee Hwang\Documents\of_v0.9.0_vs_release\libs\openFrameworks\math\ofMatrix4x4.h(970): warning C4267: 'argument': conversion from 'size_t' to 'int', possible loss of data (compiling source file src\ofApp.cpp)
C:\Users\Jihee Hwang\Documents\of_v0.9.0_vs_release\libs\openFrameworks\math\ofMatrix4x4.h(971): warning C4267: 'argument': conversion from 'size_t' to 'int', possible loss of data (compiling source file src\ofApp.cpp)
C:\Users\Jihee Hwang\Documents\of_v0.9.0_vs_release\libs\openFrameworks\math\ofMatrix4x4.h(972): warning C4267: 'argument': conversion from 'size_t' to 'int', possible loss of data (compiling source file src\ofApp.cpp)
     Creating library bin\barim.lib and object bin\barim.exp
  Generating code
  All 1494 functions were compiled because no usable IPDB/IOBJ from previous compilation was found.
  Finished generating code
  barum.vcxproj -> C:\Users\Jihee Hwang\Documents\of_v0.9.0_vs_release\apps\myApps\barum\bin\barim.exe
  
  	                   9	C:\Users\Jihee Hwang\Documents\of_v0.9.0_vs_release\export\vs\x64\
  	  *EXTRA File 		  289280	C:\Users\Jihee Hwang\Documents\of_v0.9.0_vs_release\apps\myApps\barum\bin\fmodex.dll
  	  *EXTRA File 		  330752	C:\Users\Jihee Hwang\Documents\of_v0.9.0_vs_release\apps\myApps\barum\bin\fmodexL.dll
  	    Older     		 4171776	C:\Users\Jihee Hwang\Documents\of_v0.9.0_vs_release\export\vs\x64\assimp.dll
  	    Older     		 6402560	C:\Users\Jihee Hwang\Documents\of_v0.9.0_vs_release\export\vs\x64\FreeImage.dll
  	    Older     		  734720	C:\Users\Jihee Hwang\Documents\of_v0.9.0_vs_release\export\vs\x64\freetype.dll
  	    Older     		  289792	C:\Users\Jihee Hwang\Documents\of_v0.9.0_vs_release\export\vs\x64\glut32.dll
  	    Older     		 2208256	C:\Users\Jihee Hwang\Documents\of_v0.9.0_vs_release\export\vs\x64\libeay32.dll
  	    Older     		  458240	C:\Users\Jihee Hwang\Documents\of_v0.9.0_vs_release\export\vs\x64\ssleay32.dll
  	    Older     		   81408	C:\Users\Jihee Hwang\Documents\of_v0.9.0_vs_release\export\vs\x64\Zlib.dll
